

___________________________ START CALCULATION ________________________________
[Scenename:] Autoroute 5
[Scenefile:] C:\Users\patwa\AppData\Local\Temp\Relux2011_TempProject\RlxProject_2.rdf
______________________________________________________________________________
RlxCalculator Version: 2020.2.3.0 64-bit
______________________________________________________________________________
[Calculation type: ]
Day Lighting

______________________________________________________________________________
[CPU and Multicore Information:] 
______________________________________________________________________________
[Vendor: ] GenuineIntel
[Brand: ] Intel(R) Core(TM) i7-7700 CPU @ 3.60GHz
[OS Architecture: ] AMD64 x64
[Number of logical processors: ] 8
[Max. number of threads: ] 8
[OpenMP wait policy: ] PASSIVE
[OpenMP processor binding: ] FALSE
______________________________________________________________________________
Please note: The sun is below the horizon.
The calculation is being canceled.
